[2025-02-25 12:38:57] Executing bootstrap tasks
[2025-02-25 12:38:57] OpenJDK Runtime Environment 21.0.5+11-LTS
[2025-02-25 12:38:57] Product org.eclipse.products.epp.package.java.2024-12
[2025-02-25 12:38:57] Bundle org.eclipse.oomph.setup 1.30.0.v20241121-1452, build=956, branch=9492b73f886b51a7adb67340c1cb41103c54ac80
[2025-02-25 12:38:57] Bundle org.eclipse.oomph.setup.core 1.32.0.v20241021-1110, build=956, branch=9492b73f886b51a7adb67340c1cb41103c54ac80
[2025-02-25 12:38:57] Bundle org.eclipse.oomph.setup.p2 1.21.0.v20240420-0837, build=956, branch=9492b73f886b51a7adb67340c1cb41103c54ac80
[2025-02-25 12:38:57] Performing P2 Director (Eclipse IDE for Java Developers (2024-12) + JRE 23.0.2)
[2025-02-25 12:38:57] Offline = false
[2025-02-25 12:38:57] Mirrors = true
[2025-02-25 12:38:57] Resolving 29 requirements from 4 repositories to /Users/janglombiowski/Uczelnia/4Sem/GlombiowskiJanMP2025/Eclipse.app/Contents/Eclipse
[2025-02-25 12:38:57] Requirement org.eclipse.equinox.p2.iu:org.eclipse.justj.openjdk.hotspot.jre.full.feature.group (filter=(|(&(osgi.arch=aarch64)(osgi.os=linux))(&(osgi.arch=aarch64)(osgi.os=macosx))(&(osgi.arch=aarch64)(osgi.os=win32))(&(osgi.arch=ppc64le)(osgi.os=linux))(&(osgi.arch=riscv64)(osgi.os=linux))(&(osgi.arch=x86_64)(osgi.os=linux))(&(osgi.arch=x86_64)(osgi.os=macosx))(&(osgi.arch=x86_64)(osgi.os=win32))))
[2025-02-25 12:38:57] Requirement org.eclipse.equinox.p2.iu:epp.package.java [4.34.0,5.0.0) (filter=(|(&(osgi.arch=aarch64)(osgi.os=linux)(osgi.ws=gtk))(&(osgi.arch=aarch64)(osgi.os=macosx)(osgi.ws=cocoa))(&(osgi.arch=aarch64)(osgi.os=win32)(osgi.ws=win32))(&(osgi.arch=riscv64)(osgi.os=linux)(osgi.ws=gtk))(&(osgi.arch=x86_64)(osgi.os=linux)(osgi.ws=gtk))(&(osgi.arch=x86_64)(osgi.os=macosx)(osgi.ws=cocoa))(&(osgi.arch=x86_64)(osgi.os=win32)(osgi.ws=win32))))
[2025-02-25 12:38:57] Requirement org.eclipse.equinox.p2.iu:org.eclipse.platform.feature.group [4.34.0,5.0.0)
[2025-02-25 12:38:57] Requirement org.eclipse.equinox.p2.iu:org.eclipse.rcp.feature.group [4.34.0,5.0.0)
[2025-02-25 12:38:57] Requirement org.eclipse.equinox.p2.iu:org.eclipse.buildship.feature.group
[2025-02-25 12:38:57] Requirement org.eclipse.equinox.p2.iu:org.eclipse.eclemma.feature.feature.group
[2025-02-25 12:38:57] Requirement org.eclipse.equinox.p2.iu:org.eclipse.egit.feature.group
[2025-02-25 12:38:57] Requirement org.eclipse.equinox.p2.iu:org.eclipse.epp.mpc.feature.group
[2025-02-25 12:38:57] Requirement org.eclipse.equinox.p2.iu:org.eclipse.jdt.bcoview.feature.feature.group
[2025-02-25 12:38:57] Requirement org.eclipse.equinox.p2.iu:org.eclipse.jdt.feature.group
[2025-02-25 12:38:57] Requirement org.eclipse.equinox.p2.iu:org.eclipse.jgit.feature.group
[2025-02-25 12:38:57] Requirement org.eclipse.equinox.p2.iu:org.eclipse.m2e.feature.feature.group
[2025-02-25 12:38:57] Requirement org.eclipse.equinox.p2.iu:org.eclipse.m2e.lemminx.feature.feature.group
[2025-02-25 12:38:57] Requirement org.eclipse.equinox.p2.iu:org.eclipse.m2e.logback.feature.feature.group
[2025-02-25 12:38:57] Requirement org.eclipse.equinox.p2.iu:org.eclipse.mylyn.commons.activity.feature.feature.group
[2025-02-25 12:38:57] Requirement org.eclipse.equinox.p2.iu:org.eclipse.mylyn.egit.feature.feature.group
[2025-02-25 12:38:57] Requirement org.eclipse.equinox.p2.iu:org.eclipse.mylyn.git.feature.feature.group
[2025-02-25 12:38:57] Requirement org.eclipse.equinox.p2.iu:org.eclipse.mylyn.github.feature.feature.group
[2025-02-25 12:38:57] Requirement org.eclipse.equinox.p2.iu:org.eclipse.mylyn.ide.feature.feature.group
[2025-02-25 12:38:57] Requirement org.eclipse.equinox.p2.iu:org.eclipse.mylyn.jdt.feature.feature.group
[2025-02-25 12:38:57] Requirement org.eclipse.equinox.p2.iu:org.eclipse.mylyn.jenkins.feature.feature.group
[2025-02-25 12:38:57] Requirement org.eclipse.equinox.p2.iu:org.eclipse.mylyn.reviews.feature.feature.group
[2025-02-25 12:38:57] Requirement org.eclipse.equinox.p2.iu:org.eclipse.mylyn.wikitext.feature.feature.group
[2025-02-25 12:38:57] Requirement org.eclipse.equinox.p2.iu:org.eclipse.tips.feature.feature.group
[2025-02-25 12:38:57] Requirement org.eclipse.equinox.p2.iu:org.eclipse.tm.terminal.feature.feature.group
[2025-02-25 12:38:57] Requirement org.eclipse.equinox.p2.iu:org.eclipse.tm4e.feature.feature.group
[2025-02-25 12:38:57] Requirement org.eclipse.equinox.p2.iu:org.eclipse.tm4e.language_pack.feature.feature.group
[2025-02-25 12:38:57] Requirement org.eclipse.equinox.p2.iu:org.eclipse.wildwebdeveloper.xml.feature.feature.group
[2025-02-25 12:38:57] Requirement org.eclipse.equinox.p2.iu:org.eclipse.oomph.setup.feature.group
[2025-02-25 12:38:57] Repository https://download.eclipse.org/justj/jres/23/updates/release/latest
[2025-02-25 12:38:57] Repository https://download.eclipse.org/technology/epp/packages/2024-12/202411281200
[2025-02-25 12:38:57] Repository https://download.eclipse.org/releases/2024-12/202412041000
[2025-02-25 12:38:57] Repository https://download.eclipse.org/oomph/updates/milestone/latest
[2025-02-25 12:38:59] Calculating requirements and dependencies.
[2025-02-25 12:39:00] Computing prerequisite plan
[2025-02-25 12:39:02] Collecting 2 artifacts from https://download.eclipse.org/releases/2024-12/202412041000
[2025-02-25 12:39:03] Collected 2 artifacts for https://download.eclipse.org/releases/2024-12/202412041000 in 0.996s
[2025-02-25 12:39:03] Collecting 1 artifacts from https://download.eclipse.org/technology/epp/packages/2024-12/202411281200
[2025-02-25 12:39:03] Collected 1 artifacts for https://download.eclipse.org/technology/epp/packages/2024-12/202411281200 in 0.002s
[2025-02-25 12:39:14] Installing bcpg [1.79.0]
[2025-02-25 12:39:15] Installing bcpkix [1.79.0]
[2025-02-25 12:39:15] Installing bcprov [1.79.0]
[2025-02-25 12:39:15] Installing bcutil [1.79.0]
[2025-02-25 12:39:15] Installing ch.qos.logback.classic [1.5.12]
[2025-02-25 12:39:15] Installing ch.qos.logback.core [1.5.12]
[2025-02-25 12:39:15] Installing com.google.gson [2.11.0]
[2025-02-25 12:39:15] Installing com.google.guava [33.3.1.jre]
[2025-02-25 12:39:15] Installing com.google.guava.failureaccess [1.0.2]
[2025-02-25 12:39:15] Installing com.googlecode.javaewah.JavaEWAH [1.2.3]
[2025-02-25 12:39:15] Installing com.ibm.icu [76.1.0]
[2025-02-25 12:39:15] Installing com.jcraft.jsch [0.1.55.v20230916-1400]
[2025-02-25 12:39:15] Installing com.mountainminds.eclemma.core [3.1.9.202405260028]
[2025-02-25 12:39:15] Installing com.sun.el.javax.el [3.0.4]
[2025-02-25 12:39:15] Installing com.sun.jna [5.15.0.v20240915-2000]
[2025-02-25 12:39:15] Installing com.sun.jna.platform [5.15.0]
[2025-02-25 12:39:15] Installing com.sun.xml.bind [2.3.3.v20221203-1659]
[2025-02-25 12:39:15] Installing configure.logback.classic [2.7.0.20241001-1350]
[2025-02-25 12:39:15] Installing epp.package.java [4.34.0.20241128-0756]
[2025-02-25 12:39:15] Installing epp.package.java.executable.cocoa.macosx.x86_64 [4.34.0.20241128-0756]
[2025-02-25 12:39:15] Installing epp.package.java.executable.cocoa.macosx.x86_64.eclipse [4.34.0.20241128-0756]
[2025-02-25 12:39:15] Installing jakarta.annotation-api [2.1.1]
[2025-02-25 12:39:15] Installing jakarta.inject.jakarta.inject-api [1.0.5]
[2025-02-25 12:39:15] Installing jakarta.xml.bind [2.3.3.v20201118-1818]
[2025-02-25 12:39:15] Installing javax.activation [1.2.2.v20221203-1659]
[2025-02-25 12:39:15] Installing javax.xml.jre [1.3.4.202210170008]
[2025-02-25 12:39:15] Installing jaxen [2.0.0]
[2025-02-25 12:39:15] Installing junit-jupiter-api [5.11.3]
[2025-02-25 12:39:15] Installing junit-jupiter-engine [5.11.3]
[2025-02-25 12:39:15] Installing junit-jupiter-migrationsupport [5.11.3]
[2025-02-25 12:39:15] Installing junit-jupiter-params [5.11.3]
[2025-02-25 12:39:15] Installing junit-platform-commons [1.11.3]
[2025-02-25 12:39:15] Installing junit-platform-engine [1.11.3]
[2025-02-25 12:39:15] Installing junit-platform-launcher [1.11.3]
[2025-02-25 12:39:15] Installing junit-platform-runner [1.11.3]
[2025-02-25 12:39:15] Installing junit-platform-suite-api [1.11.3]
[2025-02-25 12:39:15] Installing junit-platform-suite-commons [1.11.3]
[2025-02-25 12:39:15] Installing junit-platform-suite-engine [1.11.3]
[2025-02-25 12:39:15] Installing junit-vintage-engine [5.11.3]
[2025-02-25 12:39:15] Installing net.bytebuddy.byte-buddy-agent [1.15.10]
[2025-02-25 12:39:15] Installing net.i2p.crypto.eddsa [0.3.0]
[2025-02-25 12:39:15] Installing org.apache.ant [1.10.15.v20240901-1000]
[2025-02-25 12:39:15] Installing org.apache.aries.spifly.dynamic.bundle [1.3.7]
[2025-02-25 12:39:15] Installing org.apache.batik.constants [1.18.0.v20241009-1200]
[2025-02-25 12:39:15] Installing org.apache.batik.css [1.18.0.v20241009-1200]
[2025-02-25 12:39:15] Installing org.apache.batik.i18n [1.18.0.v20241009-1200]
[2025-02-25 12:39:15] Installing org.apache.batik.util [1.18.0.v20241009-1200]
[2025-02-25 12:39:15] Installing org.apache.commons.cli [1.9.0]
[2025-02-25 12:39:15] Installing org.apache.commons.collections [3.2.2.v201511171945]
[2025-02-25 12:39:15] Installing org.apache.commons.commons-beanutils [1.9.4]
[2025-02-25 12:39:15] Installing org.apache.commons.commons-codec [1.16.0]
[2025-02-25 12:39:15] Installing org.apache.commons.commons-collections4 [4.4.0]
[2025-02-25 12:39:15] Installing org.apache.commons.commons-compress [1.27.1]
[2025-02-25 12:39:15] Installing org.apache.commons.commons-io [2.17.0]
[2025-02-25 12:39:15] Installing org.apache.commons.httpclient [3.1.0.v20240401-1000]
[2025-02-25 12:39:15] Installing org.apache.commons.jxpath [1.3.0]
[2025-02-25 12:39:15] Installing org.apache.commons.lang3 [3.17.0]
[2025-02-25 12:39:15] Installing org.apache.commons.logging [1.2.0]
[2025-02-25 12:39:15] Installing org.apache.commons.text [1.12.0]
[2025-02-25 12:39:15] Installing org.apache.felix.gogo.command [1.1.2]
[2025-02-25 12:39:15] Installing org.apache.felix.gogo.runtime [1.1.6]
[2025-02-25 12:39:15] Installing org.apache.felix.gogo.shell [1.1.4]
[2025-02-25 12:39:15] Installing org.apache.felix.scr [2.2.12]
[2025-02-25 12:39:15] Installing org.apache.httpcomponents.client5.httpclient5 [5.3.1.v20240126-0900]
[2025-02-25 12:39:15] Installing org.apache.httpcomponents.core5.httpcore5 [5.2.3.v20230922-1600]
[2025-02-25 12:39:15] Installing org.apache.httpcomponents.core5.httpcore5-h2 [5.2.3.v20230922-1600]
[2025-02-25 12:39:15] Installing org.apache.httpcomponents.httpclient [4.5.14]
[2025-02-25 12:39:15] Installing org.apache.httpcomponents.httpcore [4.4.16]
[2025-02-25 12:39:15] Installing org.apache.lucene.analysis-common [9.12.0.v20240929-0900]
[2025-02-25 12:39:15] Installing org.apache.lucene.analysis-smartcn [9.12.0.v20240929-0900]
[2025-02-25 12:39:15] Installing org.apache.lucene.core [9.12.0.v20240929-0900]
[2025-02-25 12:39:15] Installing org.apache.lucene.queries [9.12.0.v20240929-0900]
[2025-02-25 12:39:15] Installing org.apache.lucene.queryparser [9.10.0.v20240221-0830]
[2025-02-25 12:39:15] Installing org.apache.lucene.sandbox [9.10.0.v20240221-0830]
[2025-02-25 12:39:15] Installing org.apache.sshd.osgi [2.14.0]
[2025-02-25 12:39:15] Installing org.apache.sshd.sftp [2.14.0]
[2025-02-25 12:39:15] Installing org.apache.tika.core [2.9.2]
[2025-02-25 12:39:15] Installing org.apache.ws.commons.util [1.0.2.v20230723-0712]
[2025-02-25 12:39:15] Installing org.apache.xerces [2.12.2.v20230928-1306]
[2025-02-25 12:39:15] Installing org.apache.xml.resolver [1.2.0.v20230928-1222]
[2025-02-25 12:39:15] Installing org.apache.xmlgraphics [2.10.0.v20241009-1200]
[2025-02-25 12:39:15] Installing org.apache.xmlrpc.client [3.1.3.v20160817-1930]
[2025-02-25 12:39:15] Installing org.apache.xmlrpc.common [3.1.3.v20181004-1955]
[2025-02-25 12:39:15] Installing org.apiguardian.api [1.1.2]
[2025-02-25 12:39:15] Installing org.commonmark [0.24.0.v20241021-1700]
[2025-02-25 12:39:15] Installing org.commonmark-gfm-tables [0.24.0.v20241021-1700]
[2025-02-25 12:39:15] Installing org.eclipse.ant.core [3.7.500.v20241028-1712]
[2025-02-25 12:39:15] Installing org.eclipse.ant.launching [1.4.600.v20241028-1712]
[2025-02-25 12:39:15] Installing org.eclipse.ant.ui [3.9.600.v20241024-1455]
[2025-02-25 12:39:15] Installing org.eclipse.buildship.branding [3.1.10.v20240802-1314]
[2025-02-25 12:39:15] Installing org.eclipse.buildship.compat [3.1.10.v20240802-1314]
[2025-02-25 12:39:15] Installing org.eclipse.buildship.core [3.1.10.v20240802-1314]
[2025-02-25 12:39:15] Installing org.eclipse.buildship.feature.group [3.1.10.v20240802-1314]
[2025-02-25 12:39:15] Installing org.eclipse.buildship.feature.jar [3.1.10.v20240802-1314]
[2025-02-25 12:39:15] Installing org.eclipse.buildship.ui [3.1.10.v20240802-1314]
[2025-02-25 12:39:15] Installing org.eclipse.cdt.core.macosx [11.6.1.202407022008]
[2025-02-25 12:39:15] Installing org.eclipse.cdt.core.native [6.3.401.202406290147]
[2025-02-25 12:39:15] Installing org.eclipse.compare [3.11.200.v20241024-1455]
[2025-02-25 12:39:15] Installing org.eclipse.compare.core [3.8.600.v20240915-0814]
[2025-02-25 12:39:15] Installing org.eclipse.core.commands [3.12.200.v20240627-1019]
[2025-02-25 12:39:15] Installing org.eclipse.core.contenttype [3.9.600.v20241001-1711]
[2025-02-25 12:39:15] Installing org.eclipse.core.databinding [1.13.300.v20240424-0444]
[2025-02-25 12:39:15] Installing org.eclipse.core.databinding.beans [1.10.300.v20240321-1245]
[2025-02-25 12:39:15] Installing org.eclipse.core.databinding.observable [1.13.300.v20240424-0444]
[2025-02-25 12:39:15] Installing org.eclipse.core.databinding.property [1.10.300.v20240424-0444]
[2025-02-25 12:39:15] Installing org.eclipse.core.expressions [3.9.400.v20240413-1529]
[2025-02-25 12:39:15] Installing org.eclipse.core.externaltools [1.3.400.v20240413-1529]
[2025-02-25 12:39:15] Installing org.eclipse.core.filebuffers [3.8.300.v20240207-1054]
[2025-02-25 12:39:15] Installing org.eclipse.core.filesystem [1.11.100.v20241022-0806]
[2025-02-25 12:39:15] Installing org.eclipse.core.filesystem.macosx [1.3.400.v20220812-1420]
[2025-02-25 12:39:15] Installing org.eclipse.core.jobs [3.15.400.v20240619-0602]
[2025-02-25 12:39:15] Installing org.eclipse.core.net [1.5.500.v20240625-1706]
[2025-02-25 12:39:15] Installing org.eclipse.core.resources [3.22.0.v20241001-1711]
[2025-02-25 12:39:15] Installing org.eclipse.core.runtime [3.32.0.v20241003-0436]
[2025-02-25 12:39:15] Installing org.eclipse.core.variables [3.6.500.v20240702-1152]
[2025-02-25 12:39:15] Installing org.eclipse.debug.core [3.22.0.v20241113-1056]
[2025-02-25 12:39:15] Installing org.eclipse.debug.ui [3.18.600.v20241011-1114]
[2025-02-25 12:39:15] Installing org.eclipse.debug.ui.launchview [1.1.600.v20241001-1711]
[2025-02-25 12:39:15] Installing org.eclipse.e4.core.commands [1.1.500.v20241015-1729]
[2025-02-25 12:39:15] Installing org.eclipse.e4.core.contexts [1.13.0.v20241014-2013]
[2025-02-25 12:39:15] Installing org.eclipse.e4.core.di [1.9.500.v20240606-1236]
[2025-02-25 12:39:15] Installing org.eclipse.e4.core.di.annotations [1.8.400.v20240413-1529]
[2025-02-25 12:39:15] Installing org.eclipse.e4.core.di.extensions [0.18.300.v20240413-1529]
[2025-02-25 12:39:15] Installing org.eclipse.e4.core.di.extensions.supplier [0.17.600.v20241001-1711]
[2025-02-25 12:39:15] Installing org.eclipse.e4.core.services [2.5.0.v20241015-2219]
[2025-02-25 12:39:15] Installing org.eclipse.e4.emf.xpath [0.5.0.v20240923-2023]
[2025-02-25 12:39:15] Installing org.eclipse.e4.rcp.feature.group [4.34.0.v20241113-2009]
[2025-02-25 12:39:15] Installing org.eclipse.e4.rcp.feature.jar [4.34.0.v20241113-2009]
[2025-02-25 12:39:15] Installing org.eclipse.e4.ui.bindings [0.14.500.v20241015-1729]
[2025-02-25 12:39:15] Installing org.eclipse.e4.ui.css.core [0.14.500.v20240606-0949]
[2025-02-25 12:39:15] Installing org.eclipse.e4.ui.css.swt [0.15.400.v20240321-1245]
[2025-02-25 12:39:15] Installing org.eclipse.e4.ui.css.swt.theme [0.14.400.v20240424-0956]
[2025-02-25 12:39:15] Installing org.eclipse.e4.ui.di [1.5.400.v20240321-1245]
[2025-02-25 12:39:15] Installing org.eclipse.e4.ui.dialogs [1.5.0.v20240424-0957]
[2025-02-25 12:39:15] Installing org.eclipse.e4.ui.ide [3.17.200.v20231201-1637]
[2025-02-25 12:39:15] Installing org.eclipse.e4.ui.model.workbench [2.4.400.v20240923-2023]
[2025-02-25 12:39:15] Installing org.eclipse.e4.ui.progress [0.4.700.v20241015-1729]
[2025-02-25 12:39:15] Installing org.eclipse.e4.ui.services [1.6.400.v20241015-1729]
[2025-02-25 12:39:15] Installing org.eclipse.e4.ui.widgets [1.4.200.v20240801-0837]
[2025-02-25 12:39:15] Installing org.eclipse.e4.ui.workbench [1.16.0.v20241107-1939]
[2025-02-25 12:39:15] Installing org.eclipse.e4.ui.workbench.addons.swt [1.5.600.v20241107-2150]
[2025-02-25 12:39:15] Installing org.eclipse.e4.ui.workbench.renderers.swt [0.16.600.v20241008-1401]
[2025-02-25 12:39:15] Installing org.eclipse.e4.ui.workbench.renderers.swt.cocoa [0.14.400.v20240525-0701]
[2025-02-25 12:39:15] Installing org.eclipse.e4.ui.workbench.swt [0.17.600.v20241015-1729]
[2025-02-25 12:39:15] Installing org.eclipse.e4.ui.workbench3 [0.17.400.v20240321-1245]
[2025-02-25 12:39:15] Installing org.eclipse.ecf [3.11.0.v20240812-1535]
[2025-02-25 12:39:15] Installing org.eclipse.ecf.core.feature.feature.group [1.6.2.v20240812-1535]
[2025-02-25 12:39:15] Installing org.eclipse.ecf.core.feature.feature.jar [1.6.2.v20240812-1535]
[2025-02-25 12:39:15] Installing org.eclipse.ecf.core.ssl.feature.feature.group [1.1.600.v20240812-1535]
[2025-02-25 12:39:15] Installing org.eclipse.ecf.core.ssl.feature.feature.jar [1.1.600.v20240812-1535]
[2025-02-25 12:39:15] Installing org.eclipse.ecf.discovery [5.2.0.v20231021-2050]
[2025-02-25 12:39:15] Installing org.eclipse.ecf.filetransfer [5.1.103.v20230705-0614]
[2025-02-25 12:39:15] Installing org.eclipse.ecf.filetransfer.feature.feature.group [3.14.1900.v20240812-1535]
[2025-02-25 12:39:15] Installing org.eclipse.ecf.filetransfer.feature.feature.jar [3.14.1900.v20240812-1535]
[2025-02-25 12:39:15] Installing org.eclipse.ecf.filetransfer.httpclient5.feature.feature.group [1.1.702.v20240808-1900]
[2025-02-25 12:39:15] Installing org.eclipse.ecf.filetransfer.httpclient5.feature.feature.jar [1.1.702.v20240808-1900]
[2025-02-25 12:39:15] Installing org.eclipse.ecf.filetransfer.httpclientjava.feature.feature.group [2.0.200.v20240808-1900]
[2025-02-25 12:39:15] Installing org.eclipse.ecf.filetransfer.httpclientjava.feature.feature.jar [2.0.200.v20240808-1900]
[2025-02-25 12:39:15] Installing org.eclipse.ecf.filetransfer.ssl.feature.feature.group [1.1.402.v20240812-1535]
[2025-02-25 12:39:15] Installing org.eclipse.ecf.filetransfer.ssl.feature.feature.jar [1.1.402.v20240812-1535]
[2025-02-25 12:39:15] Installing org.eclipse.ecf.identity [3.10.0.v20240812-1535]
[2025-02-25 12:39:15] Installing org.eclipse.ecf.provider.filetransfer [3.3.0.v20240812-1535]
[2025-02-25 12:39:15] Installing org.eclipse.ecf.provider.filetransfer.httpclient5 [1.1.100.v20240808-1900]
[2025-02-25 12:39:15] Installing org.eclipse.ecf.provider.filetransfer.httpclientjava [2.0.300.v20240808-1900]
[2025-02-25 12:39:15] Installing org.eclipse.ecf.provider.filetransfer.ssl [1.1.0.v20240812-1535]
[2025-02-25 12:39:15] Installing org.eclipse.ecf.provider.jmdns [4.4.0.v20231021-2050]
[2025-02-25 12:39:15] Installing org.eclipse.ecf.ssl [1.3.100.v20240812-1535]
[2025-02-25 12:39:15] Installing org.eclipse.eclemma.core [3.1.9.202405260028]
[2025-02-25 12:39:15] Installing org.eclipse.eclemma.doc [3.1.9.202405260028]
[2025-02-25 12:39:15] Installing org.eclipse.eclemma.feature.feature.group [3.1.9.202405260028]
[2025-02-25 12:39:15] Installing org.eclipse.eclemma.feature.feature.jar [3.1.9.202405260028]
[2025-02-25 12:39:15] Installing org.eclipse.eclemma.ui [3.1.9.202405260028]
[2025-02-25 12:39:15] Installing org.eclipse.egit [7.1.0.202411261347-r]
[2025-02-25 12:39:15] Installing org.eclipse.egit.core [7.1.0.202411261347-r]
[2025-02-25 12:39:15] Installing org.eclipse.egit.doc [7.1.0.202411261347-r]
[2025-02-25 12:39:15] Installing org.eclipse.egit.feature.group [7.1.0.202411261347-r]
[2025-02-25 12:39:15] Installing org.eclipse.egit.feature.jar [7.1.0.202411261347-r]
[2025-02-25 12:39:15] Installing org.eclipse.egit.github.core [6.1.0.202203080745-r]
[2025-02-25 12:39:15] Installing org.eclipse.egit.ui [7.1.0.202411261347-r]
[2025-02-25 12:39:15] Installing org.eclipse.emf.common [2.40.0.v20240911-1027]
[2025-02-25 12:39:15] Installing org.eclipse.emf.common.feature.group [2.33.0.v20240911-1027]
[2025-02-25 12:39:15] Installing org.eclipse.emf.common.feature.jar [2.33.0.v20240911-1027]
[2025-02-25 12:39:15] Installing org.eclipse.emf.common.ui [2.24.0.v20240911-1027]
[2025-02-25 12:39:15] Installing org.eclipse.emf.databinding [1.9.0.v20240604-0832]
[2025-02-25 12:39:15] Installing org.eclipse.emf.ecore [2.38.0.v20241018-1213]
[2025-02-25 12:39:15] Installing org.eclipse.emf.ecore.change [2.17.0.v20240604-0832]
[2025-02-25 12:39:15] Installing org.eclipse.emf.ecore.edit [2.15.0.v20240604-0832]
[2025-02-25 12:39:15] Installing org.eclipse.emf.ecore.feature.group [2.39.0.v20241018-1213]
[2025-02-25 12:39:15] Installing org.eclipse.emf.ecore.feature.jar [2.39.0.v20241018-1213]
[2025-02-25 12:39:15] Installing org.eclipse.emf.ecore.xmi [2.38.0.v20240721-0634]
[2025-02-25 12:39:15] Installing org.eclipse.emf.edit [2.22.0.v20240604-0832]
[2025-02-25 12:39:15] Installing org.eclipse.emf.edit.ui [2.25.0.v20241015-0644]
[2025-02-25 12:39:15] Installing org.eclipse.epp.mpc.core [1.11.0.v20240709-1650]
[2025-02-25 12:39:15] Installing org.eclipse.epp.mpc.feature.group [1.11.0.v20240709-1650]
[2025-02-25 12:39:15] Installing org.eclipse.epp.mpc.feature.jar [1.11.0.v20240709-1650]
[2025-02-25 12:39:15] Installing org.eclipse.epp.mpc.help.ui [1.11.0.v20240709-0639]
[2025-02-25 12:39:15] Installing org.eclipse.epp.mpc.ui [1.11.0.v20240709-0639]
[2025-02-25 12:39:15] Installing org.eclipse.epp.mpc.ui.css [1.11.0.v20240709-0639]
[2025-02-25 12:39:15] Installing org.eclipse.epp.package.common [4.34.0.20241128-0756]
[2025-02-25 12:39:15] Installing org.eclipse.epp.package.common.feature.feature.group [4.34.0.20241128-0756]
[2025-02-25 12:39:15] Installing org.eclipse.epp.package.common.feature.feature.jar [4.34.0.20241128-0756]
[2025-02-25 12:39:15] Installing org.eclipse.epp.package.java [4.34.0.20241128-0756]
[2025-02-25 12:39:15] Installing org.eclipse.epp.package.java.feature.feature.group [4.34.0.20241128-0756]
[2025-02-25 12:39:15] Installing org.eclipse.epp.package.java.feature.feature.jar [4.34.0.20241128-0756]
[2025-02-25 12:39:15] Installing org.eclipse.equinox.app [1.7.200.v20240722-2103]
[2025-02-25 12:39:15] Installing org.eclipse.equinox.bidi [1.5.100.v20240321-1445]
[2025-02-25 12:39:15] Installing org.eclipse.equinox.common [3.19.200.v20241004-0654]
[2025-02-25 12:39:15] Installing org.eclipse.equinox.concurrent [1.3.100.v20240514-0729]
[2025-02-25 12:39:15] Installing org.eclipse.equinox.console [1.4.800.v20240513-1104]
[2025-02-25 12:39:15] Installing org.eclipse.equinox.event [1.7.100.v20240321-1445]
[2025-02-25 12:39:15] Installing org.eclipse.equinox.frameworkadmin [2.3.200.v20240321-1450]
[2025-02-25 12:39:15] Installing org.eclipse.equinox.frameworkadmin.equinox [1.3.200.v20240321-1450]
[2025-02-25 12:39:15] Installing org.eclipse.equinox.http.jetty [3.9.200.v20240321-1445]
[2025-02-25 12:39:15] Installing org.eclipse.equinox.http.registry [1.4.100.v20240321-1445]
[2025-02-25 12:39:15] Installing org.eclipse.equinox.http.service.api [1.2.2.v20231218-2126]
[2025-02-25 12:39:15] Installing org.eclipse.equinox.http.servlet [1.8.200.v20240321-1445]
[2025-02-25 12:39:15] Installing org.eclipse.equinox.jsp.jasper [1.2.100.v20240321-1445]
[2025-02-25 12:39:15] Installing org.eclipse.equinox.jsp.jasper.registry [1.3.0.v20240213-1427]
[2025-02-25 12:39:15] Installing org.eclipse.equinox.launcher [1.6.900.v20240613-2009]
[2025-02-25 12:39:15] Installing org.eclipse.equinox.launcher.cocoa.macosx.x86_64 [1.2.1100.v20240722-2106]
[2025-02-25 12:39:15] Installing org.eclipse.equinox.p2.artifact.repository [1.5.500.v20240918-1902]
[2025-02-25 12:39:15] Installing org.eclipse.equinox.p2.console [1.3.500.v20240918-1902]
[2025-02-25 12:39:15] Installing org.eclipse.equinox.p2.core [2.12.200.v20240918-1902]
[2025-02-25 12:39:15] Installing org.eclipse.equinox.p2.core.feature.feature.group [1.7.400.v20241019-1812]
[2025-02-25 12:39:15] Installing org.eclipse.equinox.p2.core.feature.feature.jar [1.7.400.v20241019-1812]
[2025-02-25 12:39:15] Installing org.eclipse.equinox.p2.director [2.6.500.v20240918-1902]
[2025-02-25 12:39:15] Installing org.eclipse.equinox.p2.director.app [1.3.500.v20240918-1902]
[2025-02-25 12:39:15] Installing org.eclipse.equinox.p2.directorywatcher [1.4.400.v20240321-1450]
[2025-02-25 12:39:15] Installing org.eclipse.equinox.p2.discovery [1.3.400.v20240918-1902]
[2025-02-25 12:39:15] Installing org.eclipse.equinox.p2.discovery.compatibility [1.3.500.v20240918-1902]
[2025-02-25 12:39:15] Installing org.eclipse.equinox.p2.discovery.feature.feature.group [1.3.600.v20240918-1902]
[2025-02-25 12:39:15] Installing org.eclipse.equinox.p2.discovery.feature.feature.jar [1.3.600.v20240918-1902]
[2025-02-25 12:39:15] Installing org.eclipse.equinox.p2.engine [2.10.300.v20240918-1902]
[2025-02-25 12:39:15] Installing org.eclipse.equinox.p2.extensionlocation [1.5.400.v20240321-1450]
[2025-02-25 12:39:15] Installing org.eclipse.equinox.p2.extras.feature.feature.group [1.4.2600.v20241019-1812]
[2025-02-25 12:39:15] Installing org.eclipse.equinox.p2.extras.feature.feature.jar [1.4.2600.v20241019-1812]
[2025-02-25 12:39:15] Installing org.eclipse.equinox.p2.garbagecollector [1.3.400.v20241012-1120]
[2025-02-25 12:39:15] Installing org.eclipse.equinox.p2.jarprocessor [1.3.400.v20240321-1450]
[2025-02-25 12:39:15] Installing org.eclipse.equinox.p2.metadata [2.9.200.v20241019-1812]
[2025-02-25 12:39:15] Installing org.eclipse.equinox.p2.metadata.repository [1.5.400.v20240515-1919]
[2025-02-25 12:39:15] Installing org.eclipse.equinox.p2.operations [2.7.400.v20240425-0751]
[2025-02-25 12:39:15] Installing org.eclipse.equinox.p2.publisher [1.9.300.v20240918-1902]
[2025-02-25 12:39:15] Installing org.eclipse.equinox.p2.publisher.eclipse [1.6.300.v20240927-2148]
[2025-02-25 12:39:15] Installing org.eclipse.equinox.p2.rcp.feature.feature.group [1.4.2600.v20241019-1812]
[2025-02-25 12:39:15] Installing org.eclipse.equinox.p2.rcp.feature.feature.jar [1.4.2600.v20241019-1812]
[2025-02-25 12:39:15] Installing org.eclipse.equinox.p2.reconciler.dropins [1.5.400.v20240321-1450]
[2025-02-25 12:39:15] Installing org.eclipse.equinox.p2.repository [2.9.200.v20241012-1120]
[2025-02-25 12:39:15] Installing org.eclipse.equinox.p2.repository.tools [2.4.500.v20240918-1902]
[2025-02-25 12:39:15] Installing org.eclipse.equinox.p2.touchpoint.eclipse [2.4.300.v20240511-1722]
[2025-02-25 12:39:15] Installing org.eclipse.equinox.p2.touchpoint.natives [1.5.400.v20240918-1902]
[2025-02-25 12:39:15] Installing org.eclipse.equinox.p2.transport.ecf [1.4.300.v20240321-1450]
[2025-02-25 12:39:15] Installing org.eclipse.equinox.p2.ui [2.8.600.v20240920-1526]
[2025-02-25 12:39:15] Installing org.eclipse.equinox.p2.ui.discovery [1.3.400.v20240621-1554]
[2025-02-25 12:39:15] Installing org.eclipse.equinox.p2.ui.importexport [1.4.500.v20240621-1554]
[2025-02-25 12:39:15] Installing org.eclipse.equinox.p2.ui.sdk [1.3.300.v20240207-1113]
[2025-02-25 12:39:15] Installing org.eclipse.equinox.p2.ui.sdk.scheduler [1.6.300.v20240515-1919]
[2025-02-25 12:39:15] Installing org.eclipse.equinox.p2.updatechecker [1.4.300.v20240514-1422]
[2025-02-25 12:39:15] Installing org.eclipse.equinox.p2.updatesite [1.3.500.v20241022-1057]
[2025-02-25 12:39:15] Installing org.eclipse.equinox.p2.user.ui.feature.group [2.4.2600.v20241022-1057]
[2025-02-25 12:39:15] Installing org.eclipse.equinox.p2.user.ui.feature.jar [2.4.2600.v20241022-1057]
[2025-02-25 12:39:15] Installing org.eclipse.equinox.preferences [3.11.200.v20240911-1044]
[2025-02-25 12:39:15] Installing org.eclipse.equinox.registry [3.12.200.v20241004-0654]
[2025-02-25 12:39:15] Installing org.eclipse.equinox.security [1.4.400.v20240702-1702]
[2025-02-25 12:39:15] Installing org.eclipse.equinox.security.macosx [1.102.300.v20240419-2334]
[2025-02-25 12:39:15] Installing org.eclipse.equinox.security.ui [1.4.300.v20240513-1104]
[2025-02-25 12:39:15] Installing org.eclipse.equinox.simpleconfigurator [1.5.300.v20240424-1301]
[2025-02-25 12:39:15] Installing org.eclipse.equinox.simpleconfigurator.manipulator [2.3.300.v20240702-1335]
[2025-02-25 12:39:15] Installing org.eclipse.help [3.10.400.v20240415-0528]
[2025-02-25 12:39:15] Installing org.eclipse.help.base [4.4.600.v20241120-1800]
[2025-02-25 12:39:15] Installing org.eclipse.help.feature.group [2.3.2000.v20241120-1800]
[2025-02-25 12:39:15] Installing org.eclipse.help.feature.jar [2.3.2000.v20241120-1800]
[2025-02-25 12:39:15] Installing org.eclipse.help.ui [4.7.200.v20241024-1455]
[2025-02-25 12:39:15] Installing org.eclipse.help.webapp [3.11.600.v20240903-1558]
[2025-02-25 12:39:15] Installing org.eclipse.jdt [3.19.700.v20241120-1800]
[2025-02-25 12:39:15] Installing org.eclipse.jdt.annotation [2.3.100.v20241001-0914]
[2025-02-25 12:39:15] Installing org.eclipse.jdt.apt.core [3.8.600.v20241001-0914]
[2025-02-25 12:39:15] Installing org.eclipse.jdt.apt.pluggable.core [1.4.600.v20241001-0914]
[2025-02-25 12:39:15] Installing org.eclipse.jdt.apt.ui [3.8.500.v20241001-0914]
[2025-02-25 12:39:15] Installing org.eclipse.jdt.bcoview [1.2.600.v20240925-0753]
[2025-02-25 12:39:15] Installing org.eclipse.jdt.bcoview.feature.feature.group [1.2.600.v20240925-0753]
[2025-02-25 12:39:15] Installing org.eclipse.jdt.bcoview.feature.feature.jar [1.2.600.v20240925-0753]
[2025-02-25 12:39:15] Installing org.eclipse.jdt.core [3.40.0.v20241118-1641]
[2025-02-25 12:39:15] Installing org.eclipse.jdt.core.compiler.batch [3.40.0.v20241112-0530]
[2025-02-25 12:39:15] Installing org.eclipse.jdt.core.formatterapp [1.2.300.v20241001-0914]
[2025-02-25 12:39:15] Installing org.eclipse.jdt.core.manipulation [1.21.300.v20241108-2119]
[2025-02-25 12:39:15] Installing org.eclipse.jdt.debug [3.21.600.v20241021-1521]
[2025-02-25 12:39:15] Installing org.eclipse.jdt.debug.ui [3.13.600.v20241118-1139]
[2025-02-25 12:39:15] Installing org.eclipse.jdt.doc.user [3.15.2400.v20241119-0550]
[2025-02-25 12:39:15] Installing org.eclipse.jdt.feature.group [3.20.0.v20241120-1800]
[2025-02-25 12:39:15] Installing org.eclipse.jdt.feature.jar [3.20.0.v20241120-1800]
[2025-02-25 12:39:15] Installing org.eclipse.jdt.junit [3.16.600.v20240925-0753]
[2025-02-25 12:39:15] Installing org.eclipse.jdt.junit.core [3.13.400.v20240925-0753]
[2025-02-25 12:39:15] Installing org.eclipse.jdt.junit.runtime [3.7.500.v20240702-1918]
[2025-02-25 12:39:15] Installing org.eclipse.jdt.junit4.runtime [1.3.100.v20231214-1952]
[2025-02-25 12:39:15] Installing org.eclipse.jdt.junit5.runtime [1.1.300.v20231214-1952]
[2025-02-25 12:39:15] Installing org.eclipse.jdt.launching [3.23.100.v20241028-0746]
[2025-02-25 12:39:15] Installing org.eclipse.jdt.launching.macosx [3.6.300.v20240321-1645]
[2025-02-25 12:39:15] Installing org.eclipse.jdt.launching.ui.macosx [1.4.300.v20240321-1645]
[2025-02-25 12:39:15] Installing org.eclipse.jdt.ui [3.33.200.v20241108-1930]
[2025-02-25 12:39:15] Installing org.eclipse.jetty.ee8.security [12.0.15]
[2025-02-25 12:39:15] Installing org.eclipse.jetty.ee8.server [12.0.15]
[2025-02-25 12:39:15] Installing org.eclipse.jetty.ee8.servlet [12.0.15]
[2025-02-25 12:39:15] Installing org.eclipse.jetty.http [12.0.15]
[2025-02-25 12:39:15] Installing org.eclipse.jetty.io [12.0.15]
[2025-02-25 12:39:15] Installing org.eclipse.jetty.security [12.0.15]
[2025-02-25 12:39:15] Installing org.eclipse.jetty.server [12.0.15]
[2025-02-25 12:39:15] Installing org.eclipse.jetty.servlet-api [4.0.6]
[2025-02-25 12:39:15] Installing org.eclipse.jetty.session [12.0.15]
[2025-02-25 12:39:15] Installing org.eclipse.jetty.util [12.0.15]
[2025-02-25 12:39:15] Installing org.eclipse.jface [3.35.100.v20241003-1431]
[2025-02-25 12:39:15] Installing org.eclipse.jface.databinding [1.15.300.v20240424-0444]
[2025-02-25 12:39:15] Installing org.eclipse.jface.notifications [0.7.300.v20240707-1119]
[2025-02-25 12:39:15] Installing org.eclipse.jface.text [3.26.0.v20241101-1729]
[2025-02-25 12:39:15] Installing org.eclipse.jgit [7.1.0.202411261347-r]
[2025-02-25 12:39:15] Installing org.eclipse.jgit.archive [7.1.0.202411261347-r]
[2025-02-25 12:39:15] Installing org.eclipse.jgit.feature.group [7.1.0.202411261347-r]
[2025-02-25 12:39:15] Installing org.eclipse.jgit.feature.jar [7.1.0.202411261347-r]
[2025-02-25 12:39:15] Installing org.eclipse.jgit.gpg.bc [7.1.0.202411261347-r]
[2025-02-25 12:39:15] Installing org.eclipse.jgit.gpg.bc.feature.group [7.1.0.202411261347-r]
[2025-02-25 12:39:15] Installing org.eclipse.jgit.gpg.bc.feature.jar [7.1.0.202411261347-r]
[2025-02-25 12:39:15] Installing org.eclipse.jgit.http.apache [7.1.0.202411261347-r]
[2025-02-25 12:39:15] Installing org.eclipse.jgit.http.apache.feature.group [7.1.0.202411261347-r]
[2025-02-25 12:39:15] Installing org.eclipse.jgit.http.apache.feature.jar [7.1.0.202411261347-r]
[2025-02-25 12:39:15] Installing org.eclipse.jgit.ssh.apache [7.1.0.202411261347-r]
[2025-02-25 12:39:15] Installing org.eclipse.jgit.ssh.apache.agent [7.1.0.202411261347-r]
[2025-02-25 12:39:15] Installing org.eclipse.jgit.ssh.apache.feature.group [7.1.0.202411261347-r]
[2025-02-25 12:39:15] Installing org.eclipse.jgit.ssh.apache.feature.jar [7.1.0.202411261347-r]
[2025-02-25 12:39:15] Installing org.eclipse.jsch.core [1.5.500.v20240626-2102]
[2025-02-25 12:39:15] Installing org.eclipse.jsch.ui [1.5.500.v20241104-1834]
[2025-02-25 12:39:15] Installing org.eclipse.justj.openjdk.hotspot.jre.full [23.0.2.v20250131-0604]
[2025-02-25 12:39:15] Installing org.eclipse.justj.openjdk.hotspot.jre.full.feature.group [23.0.2.v20250131-0604]
[2025-02-25 12:39:15] Installing org.eclipse.justj.openjdk.hotspot.jre.full.feature.jar [23.0.2.v20250131-0604]
[2025-02-25 12:39:15] Installing org.eclipse.justj.openjdk.hotspot.jre.full.macosx.x86_64 [23.0.2.v20250131-0604]
[2025-02-25 12:39:15] Installing org.eclipse.lsp4e [0.18.12.202408150719]
[2025-02-25 12:39:15] Installing org.eclipse.lsp4j [0.23.1.v20240521-1815]
[2025-02-25 12:39:15] Installing org.eclipse.lsp4j.jsonrpc [0.23.1.v20240521-1815]
[2025-02-25 12:39:15] Installing org.eclipse.ltk.core.refactoring [3.14.600.v20240905-1133]
[2025-02-25 12:39:15] Installing org.eclipse.ltk.ui.refactoring [3.13.400.v20240321-1245]
[2025-02-25 12:39:15] Installing org.eclipse.m2e.apt.core [2.3.0.20241001-1350]
[2025-02-25 12:39:15] Installing org.eclipse.m2e.apt.ui [2.0.500.20241001-1350]
[2025-02-25 12:39:15] Installing org.eclipse.m2e.archetype.catalog [3.2.1.2]
[2025-02-25 12:39:15] Installing org.eclipse.m2e.archetype.common [3.2.104]
[2025-02-25 12:39:15] Installing org.eclipse.m2e.archetype.descriptor [3.2.1.2]
[2025-02-25 12:39:15] Installing org.eclipse.m2e.archetype.maven-artifact-transfer [0.13.1.2]
[2025-02-25 12:39:15] Installing org.eclipse.m2e.binaryproject [2.2.0.20241001-1350]
[2025-02-25 12:39:15] Installing org.eclipse.m2e.binaryproject.ui [2.1.0.20241001-1350]
[2025-02-25 12:39:15] Installing org.eclipse.m2e.core [2.7.0.20241001-1350]
[2025-02-25 12:39:15] Installing org.eclipse.m2e.core.ui [2.1.0.20241011-0600]
[2025-02-25 12:39:15] Installing org.eclipse.m2e.discovery [2.1.0.20241001-1350]
[2025-02-25 12:39:15] Installing org.eclipse.m2e.editor [2.1.0.20241001-1350]
[2025-02-25 12:39:15] Installing org.eclipse.m2e.editor.lemminx [2.0.700.20240928-0605]
[2025-02-25 12:39:15] Installing org.eclipse.m2e.feature.feature.group [2.7.0.20241126-1642]
[2025-02-25 12:39:15] Installing org.eclipse.m2e.feature.feature.jar [2.7.0.20241126-1642]
[2025-02-25 12:39:15] Installing org.eclipse.m2e.jdt [2.4.0.20241126-1642]
[2025-02-25 12:39:15] Installing org.eclipse.m2e.jdt.ui [2.1.0.20241001-1350]
[2025-02-25 12:39:15] Installing org.eclipse.m2e.launching [2.1.0.20241011-1559]
[2025-02-25 12:39:15] Installing org.eclipse.m2e.lemminx.feature.feature.group [2.0.700.20240928-0605]
[2025-02-25 12:39:15] Installing org.eclipse.m2e.lemminx.feature.feature.jar [2.0.700.20240928-0605]
[2025-02-25 12:39:15] Installing org.eclipse.m2e.logback [2.7.0.20241001-1350]
[2025-02-25 12:39:15] Installing org.eclipse.m2e.logback.feature.feature.group [2.7.0.20241001-1350]
[2025-02-25 12:39:15] Installing org.eclipse.m2e.logback.feature.feature.jar [2.7.0.20241001-1350]
[2025-02-25 12:39:15] Installing org.eclipse.m2e.maven.runtime [3.9.900.20240824-1409]
[2025-02-25 12:39:15] Installing org.eclipse.m2e.mavenarchiver [2.1.0.20241001-1350]
[2025-02-25 12:39:15] Installing org.eclipse.m2e.model.edit [2.0.600.20240928-0605]
[2025-02-25 12:39:15] Installing org.eclipse.m2e.profiles.core [2.2.0.20241001-1350]
[2025-02-25 12:39:15] Installing org.eclipse.m2e.profiles.ui [2.1.0.20241001-1350]
[2025-02-25 12:39:15] Installing org.eclipse.m2e.refactoring [2.1.0.20241001-1350]
[2025-02-25 12:39:15] Installing org.eclipse.m2e.scm [2.1.0.20241001-1350]
[2025-02-25 12:39:15] Installing org.eclipse.m2e.sourcelookup [2.1.0.20241001-1350]
[2025-02-25 12:39:15] Installing org.eclipse.m2e.sourcelookup.ui [2.1.0.20241001-1350]
[2025-02-25 12:39:15] Installing org.eclipse.m2e.workspace.cli [0.3.1]
[2025-02-25 12:39:15] Installing org.eclipse.mylyn.builds.core [4.5.0.v20241002-1142]
[2025-02-25 12:39:15] Installing org.eclipse.mylyn.builds.feature.feature.group [4.5.0.v20241002-1142]
[2025-02-25 12:39:15] Installing org.eclipse.mylyn.builds.feature.feature.jar [4.5.0.v20241002-1142]
[2025-02-25 12:39:15] Installing org.eclipse.mylyn.builds.ui [4.5.0.v20241002-1142]
[2025-02-25 12:39:15] Installing org.eclipse.mylyn.commons.activity.feature.feature.group [4.5.0.v20241002-1142]
[2025-02-25 12:39:15] Installing org.eclipse.mylyn.commons.activity.feature.feature.jar [4.5.0.v20241002-1142]
[2025-02-25 12:39:15] Installing org.eclipse.mylyn.commons.activity.ui [4.5.0.v20241002-1142]
[2025-02-25 12:39:15] Installing org.eclipse.mylyn.commons.core [4.5.0.v20241002-1142]
[2025-02-25 12:39:15] Installing org.eclipse.mylyn.commons.feature.feature.group [4.5.0.v20241002-1142]
[2025-02-25 12:39:15] Installing org.eclipse.mylyn.commons.feature.feature.jar [4.5.0.v20241002-1142]
[2025-02-25 12:39:15] Installing org.eclipse.mylyn.commons.identity.core [4.5.0.v20241002-1142]
[2025-02-25 12:39:15] Installing org.eclipse.mylyn.commons.identity.feature.feature.group [4.5.0.v20241002-1142]
[2025-02-25 12:39:15] Installing org.eclipse.mylyn.commons.identity.feature.feature.jar [4.5.0.v20241002-1142]
[2025-02-25 12:39:15] Installing org.eclipse.mylyn.commons.identity.ui [4.5.0.v20241002-1142]
[2025-02-25 12:39:15] Installing org.eclipse.mylyn.commons.net [4.5.0.v20241002-1142]
[2025-02-25 12:39:15] Installing org.eclipse.mylyn.commons.notifications.core [4.5.0.v20241002-1142]
[2025-02-25 12:39:15] Installing org.eclipse.mylyn.commons.notifications.feature.feature.group [4.5.0.v20241002-1142]
[2025-02-25 12:39:15] Installing org.eclipse.mylyn.commons.notifications.feature.feature.jar [4.5.0.v20241002-1142]
[2025-02-25 12:39:15] Installing org.eclipse.mylyn.commons.notifications.feed [4.5.0.v20241002-1142]
[2025-02-25 12:39:15] Installing org.eclipse.mylyn.commons.notifications.ui [4.5.0.v20241002-1142]
[2025-02-25 12:39:15] Installing org.eclipse.mylyn.commons.repositories.core [4.5.0.v20241002-1142]
[2025-02-25 12:39:15] Installing org.eclipse.mylyn.commons.repositories.feature.feature.group [4.5.0.v20241002-1142]
[2025-02-25 12:39:15] Installing org.eclipse.mylyn.commons.repositories.feature.feature.jar [4.5.0.v20241002-1142]
[2025-02-25 12:39:15] Installing org.eclipse.mylyn.commons.repositories.http.core [4.5.0.v20241002-1142]
[2025-02-25 12:39:15] Installing org.eclipse.mylyn.commons.repositories.ui [4.5.0.v20241002-1142]
[2025-02-25 12:39:15] Installing org.eclipse.mylyn.commons.screenshots [4.5.0.v20241002-1142]
[2025-02-25 12:39:15] Installing org.eclipse.mylyn.commons.ui [4.5.0.v20241002-1142]
[2025-02-25 12:39:15] Installing org.eclipse.mylyn.commons.workbench [4.5.0.v20241002-1142]
[2025-02-25 12:39:15] Installing org.eclipse.mylyn.commons.xmlrpc [4.5.0.v20241002-1142]
[2025-02-25 12:39:15] Installing org.eclipse.mylyn.context.core [4.5.0.v20241002-1142]
[2025-02-25 12:39:15] Installing org.eclipse.mylyn.context.feature.feature.group [4.5.0.v20241002-1142]
[2025-02-25 12:39:15] Installing org.eclipse.mylyn.context.feature.feature.jar [4.5.0.v20241002-1142]
[2025-02-25 12:39:15] Installing org.eclipse.mylyn.context.tasks.ui [4.5.0.v20241002-1142]
[2025-02-25 12:39:15] Installing org.eclipse.mylyn.context.ui [4.5.0.v20241002-1142]
[2025-02-25 12:39:15] Installing org.eclipse.mylyn.debug.ui [4.5.0.v20241002-1142]
[2025-02-25 12:39:15] Installing org.eclipse.mylyn.egit.feature.feature.group [4.5.0.v20241002-1142]
[2025-02-25 12:39:15] Installing org.eclipse.mylyn.egit.feature.feature.jar [4.5.0.v20241002-1142]
[2025-02-25 12:39:15] Installing org.eclipse.mylyn.egit.ui [4.5.0.v20241002-1142]
[2025-02-25 12:39:15] Installing org.eclipse.mylyn.git.core [4.5.0.v20241002-1142]
[2025-02-25 12:39:15] Installing org.eclipse.mylyn.git.feature.feature.group [4.5.0.v20241002-1142]
[2025-02-25 12:39:15] Installing org.eclipse.mylyn.git.feature.feature.jar [4.5.0.v20241002-1142]
[2025-02-25 12:39:15] Installing org.eclipse.mylyn.git.ui [4.5.0.v20241002-1142]
[2025-02-25 12:39:15] Installing org.eclipse.mylyn.github.core [6.6.0.v20241002-1142]
[2025-02-25 12:39:15] Installing org.eclipse.mylyn.github.doc [6.5.0.v20241002-1142]
[2025-02-25 12:39:15] Installing org.eclipse.mylyn.github.feature.feature.group [6.6.0.v20241002-1142]
[2025-02-25 12:39:15] Installing org.eclipse.mylyn.github.feature.feature.jar [6.6.0.v20241002-1142]
[2025-02-25 12:39:15] Installing org.eclipse.mylyn.github.ui [6.6.0.v20241002-1142]
[2025-02-25 12:39:15] Installing org.eclipse.mylyn.help.ui [4.5.0.v20241002-1142]
[2025-02-25 12:39:15] Installing org.eclipse.mylyn.ide.ant [4.5.0.v20241002-1142]
[2025-02-25 12:39:15] Installing org.eclipse.mylyn.ide.feature.feature.group [4.5.0.v20241002-1142]
[2025-02-25 12:39:15] Installing org.eclipse.mylyn.ide.feature.feature.jar [4.5.0.v20241002-1142]
[2025-02-25 12:39:15] Installing org.eclipse.mylyn.ide.ui [4.5.0.v20241002-1142]
[2025-02-25 12:39:15] Installing org.eclipse.mylyn.java.tasks [4.5.0.v20241002-1142]
[2025-02-25 12:39:15] Installing org.eclipse.mylyn.java.ui [4.5.0.v20241002-1142]
[2025-02-25 12:39:15] Installing org.eclipse.mylyn.jdt.feature.feature.group [4.5.0.v20241002-1142]
[2025-02-25 12:39:15] Installing org.eclipse.mylyn.jdt.feature.feature.jar [4.5.0.v20241002-1142]
[2025-02-25 12:39:15] Installing org.eclipse.mylyn.jenkins.core [4.5.0.v20241002-1142]
[2025-02-25 12:39:15] Installing org.eclipse.mylyn.jenkins.feature.feature.group [4.5.0.v20241002-1142]
[2025-02-25 12:39:15] Installing org.eclipse.mylyn.jenkins.feature.feature.jar [4.5.0.v20241002-1142]
[2025-02-25 12:39:15] Installing org.eclipse.mylyn.jenkins.ui [4.5.0.v20241002-1142]
[2025-02-25 12:39:15] Installing org.eclipse.mylyn.monitor.core [4.5.0.v20241002-1142]
[2025-02-25 12:39:15] Installing org.eclipse.mylyn.monitor.feature.feature.group [4.5.0.v20241002-1142]
[2025-02-25 12:39:15] Installing org.eclipse.mylyn.monitor.feature.feature.jar [4.5.0.v20241002-1142]
[2025-02-25 12:39:15] Installing org.eclipse.mylyn.monitor.ui [4.5.0.v20241002-1142]
[2025-02-25 12:39:15] Installing org.eclipse.mylyn.resources.ui [4.5.0.v20241002-1142]
[2025-02-25 12:39:15] Installing org.eclipse.mylyn.reviews.core [4.5.0.v20241002-1142]
[2025-02-25 12:39:15] Installing org.eclipse.mylyn.reviews.edit [4.5.0.v20241002-1142]
[2025-02-25 12:39:15] Installing org.eclipse.mylyn.reviews.feature.feature.group [4.5.0.v20241002-1142]
[2025-02-25 12:39:15] Installing org.eclipse.mylyn.reviews.feature.feature.jar [4.5.0.v20241002-1142]
[2025-02-25 12:39:15] Installing org.eclipse.mylyn.reviews.ui [4.5.0.v20241002-1142]
[2025-02-25 12:39:15] Installing org.eclipse.mylyn.tasks.activity.core [4.5.0.v20241002-1142]
[2025-02-25 12:39:15] Installing org.eclipse.mylyn.tasks.activity.ui [4.5.0.v20241002-1142]
[2025-02-25 12:39:15] Installing org.eclipse.mylyn.tasks.bugs [4.5.0.v20241002-1142]
[2025-02-25 12:39:15] Installing org.eclipse.mylyn.tasks.core [4.5.0.v20241002-1142]
[2025-02-25 12:39:15] Installing org.eclipse.mylyn.tasks.feature.feature.group [4.5.0.v20241002-1142]
[2025-02-25 12:39:15] Installing org.eclipse.mylyn.tasks.feature.feature.jar [4.5.0.v20241002-1142]
[2025-02-25 12:39:15] Installing org.eclipse.mylyn.tasks.index.core [4.5.0.v20241002-1142]
[2025-02-25 12:39:15] Installing org.eclipse.mylyn.tasks.index.ui [4.5.0.v20241002-1142]
[2025-02-25 12:39:15] Installing org.eclipse.mylyn.tasks.search [4.5.0.v20241002-1142]
[2025-02-25 12:39:15] Installing org.eclipse.mylyn.tasks.ui [4.5.0.v20241002-1142]
[2025-02-25 12:39:15] Installing org.eclipse.mylyn.team.feature.feature.group [4.5.0.v20241002-1142]
[2025-02-25 12:39:15] Installing org.eclipse.mylyn.team.feature.feature.jar [4.5.0.v20241002-1142]
[2025-02-25 12:39:15] Installing org.eclipse.mylyn.team.ui [4.5.0.v20241002-1142]
[2025-02-25 12:39:15] Installing org.eclipse.mylyn.versions.core [4.5.0.v20241002-1142]
[2025-02-25 12:39:15] Installing org.eclipse.mylyn.versions.feature.feature.group [4.5.0.v20241002-1142]
[2025-02-25 12:39:15] Installing org.eclipse.mylyn.versions.feature.feature.jar [4.5.0.v20241002-1142]
[2025-02-25 12:39:15] Installing org.eclipse.mylyn.versions.ui [4.5.0.v20241002-1142]
[2025-02-25 12:39:15] Installing org.eclipse.mylyn.wikitext [4.5.0.v20241002-1142]
[2025-02-25 12:39:15] Installing org.eclipse.mylyn.wikitext.ant [4.5.0.v20241022-1702]
[2025-02-25 12:39:15] Installing org.eclipse.mylyn.wikitext.asciidoc [4.5.0.v20241002-1142]
[2025-02-25 12:39:15] Installing org.eclipse.mylyn.wikitext.asciidoc.ui [4.5.0.v20241002-1142]
[2025-02-25 12:39:15] Installing org.eclipse.mylyn.wikitext.confluence [4.5.0.v20241002-1142]
[2025-02-25 12:39:15] Installing org.eclipse.mylyn.wikitext.confluence.ui [4.5.0.v20241002-1142]
[2025-02-25 12:39:15] Installing org.eclipse.mylyn.wikitext.context.ui [4.5.0.v20241002-1142]
[2025-02-25 12:39:15] Installing org.eclipse.mylyn.wikitext.feature.feature.group [4.5.0.v20241022-1702]
[2025-02-25 12:39:15] Installing org.eclipse.mylyn.wikitext.feature.feature.jar [4.5.0.v20241022-1702]
[2025-02-25 12:39:15] Installing org.eclipse.mylyn.wikitext.help.ui [4.5.0.v20241002-1142]
[2025-02-25 12:39:15] Installing org.eclipse.mylyn.wikitext.html [4.5.0.v20241002-1142]
[2025-02-25 12:39:15] Installing org.eclipse.mylyn.wikitext.markdown [4.5.0.v20241002-1142]
[2025-02-25 12:39:15] Installing org.eclipse.mylyn.wikitext.markdown.ui [4.5.0.v20241002-1142]
[2025-02-25 12:39:15] Installing org.eclipse.mylyn.wikitext.mediawiki [4.5.0.v20241022-1702]
[2025-02-25 12:39:15] Installing org.eclipse.mylyn.wikitext.mediawiki.ui [4.5.0.v20241002-1142]
[2025-02-25 12:39:15] Installing org.eclipse.mylyn.wikitext.osgi [4.5.0.v20241002-1142]
[2025-02-25 12:39:15] Installing org.eclipse.mylyn.wikitext.tasks.ui [4.5.0.v20241002-1142]
[2025-02-25 12:39:15] Installing org.eclipse.mylyn.wikitext.textile [4.5.0.v20241002-1142]
[2025-02-25 12:39:15] Installing org.eclipse.mylyn.wikitext.textile.ui [4.5.0.v20241002-1142]
[2025-02-25 12:39:15] Installing org.eclipse.mylyn.wikitext.tracwiki [4.5.0.v20241002-1142]
[2025-02-25 12:39:15] Installing org.eclipse.mylyn.wikitext.tracwiki.ui [4.5.0.v20241002-1142]
[2025-02-25 12:39:15] Installing org.eclipse.mylyn.wikitext.twiki [4.5.0.v20241002-1142]
[2025-02-25 12:39:15] Installing org.eclipse.mylyn.wikitext.twiki.ui [4.5.0.v20241002-1142]
[2025-02-25 12:39:15] Installing org.eclipse.mylyn.wikitext.ui [4.5.0.v20241002-1142]
[2025-02-25 12:39:15] Installing org.eclipse.nebula.cwt [1.1.0.202406291220]
[2025-02-25 12:39:15] Installing org.eclipse.nebula.widgets.cdatetime [1.5.0.202406291220]
[2025-02-25 12:39:15] Installing org.eclipse.nebula.widgets.tablecombo [1.2.0.202402011804]
[2025-02-25 12:39:15] Installing org.eclipse.oomph.base [1.18.0.v20230617-1322]
[2025-02-25 12:39:15] Installing org.eclipse.oomph.base.edit [1.18.0.v20240826-0747]
[2025-02-25 12:39:15] Installing org.eclipse.oomph.extractor.lib [1.10.0.v20250206-1413]
[2025-02-25 12:39:15] Installing org.eclipse.oomph.jreinfo [1.21.0.v20241218-1142]
[2025-02-25 12:39:15] Installing org.eclipse.oomph.jreinfo.ui [1.18.0.v20250131-0848]
[2025-02-25 12:39:15] Installing org.eclipse.oomph.p2 [1.17.0.v20230617-1322]
[2025-02-25 12:39:15] Installing org.eclipse.oomph.p2.core [1.32.0.v20250213-1000]
[2025-02-25 12:39:15] Installing org.eclipse.oomph.p2.doc [1.14.0.v20230625-0755]
[2025-02-25 12:39:15] Installing org.eclipse.oomph.p2.edit [1.17.0.v20230204-0932]
[2025-02-25 12:39:15] Installing org.eclipse.oomph.p2.feature.group [1.33.0.v20250213-1000]
[2025-02-25 12:39:15] Installing org.eclipse.oomph.p2.feature.jar [1.33.0.v20250213-1000]
[2025-02-25 12:39:15] Installing org.eclipse.oomph.p2.ui [1.23.0.v20241013-1114]
[2025-02-25 12:39:15] Installing org.eclipse.oomph.predicates [1.19.0.v20241013-1021]
[2025-02-25 12:39:15] Installing org.eclipse.oomph.predicates.edit [1.15.0.v20230416-0642]
[2025-02-25 12:39:15] Installing org.eclipse.oomph.preferences [1.14.0.v20230617-1322]
[2025-02-25 12:39:15] Installing org.eclipse.oomph.resources [1.21.0.v20241013-1019]
[2025-02-25 12:39:15] Installing org.eclipse.oomph.resources.edit [1.16.0.v20240927-1011]
[2025-02-25 12:39:15] Installing org.eclipse.oomph.setup [1.31.0.v20250214-0811]
[2025-02-25 12:39:15] Installing org.eclipse.oomph.setup.core [1.33.0.v20250213-1000]
[2025-02-25 12:39:15] Installing org.eclipse.oomph.setup.core.feature.group [1.33.0.v20250214-0811]
[2025-02-25 12:39:15] Installing org.eclipse.oomph.setup.core.feature.jar [1.33.0.v20250214-0811]
[2025-02-25 12:39:15] Installing org.eclipse.oomph.setup.doc [1.15.0.v20250218-0822]
[2025-02-25 12:39:15] Installing org.eclipse.oomph.setup.edit [1.18.0.v20241013-1032]
[2025-02-25 12:39:15] Installing org.eclipse.oomph.setup.editor [1.30.0.v20250218-0822]
[2025-02-25 12:39:15] Installing org.eclipse.oomph.setup.feature.group [1.35.0.v20250218-0822]
[2025-02-25 12:39:15] Installing org.eclipse.oomph.setup.feature.jar [1.35.0.v20250218-0822]
[2025-02-25 12:39:15] Installing org.eclipse.oomph.setup.p2 [1.21.0.v20240420-0837]
[2025-02-25 12:39:15] Installing org.eclipse.oomph.setup.p2.edit [1.16.0.v20230617-1322]
[2025-02-25 12:39:15] Installing org.eclipse.oomph.setup.sync [1.18.0.v20250103-1108]
[2025-02-25 12:39:15] Installing org.eclipse.oomph.setup.ui [1.33.0.v20250213-1000]
[2025-02-25 12:39:15] Installing org.eclipse.oomph.setup.ui.questionnaire [1.13.0.v20220421-1218]
[2025-02-25 12:39:15] Installing org.eclipse.oomph.ui [1.25.0.v20241216-1301]
[2025-02-25 12:39:15] Installing org.eclipse.oomph.util [1.25.0.v20250203-1237]
[2025-02-25 12:39:15] Installing org.eclipse.oomph.workingsets [1.14.0.v20230617-1322]
[2025-02-25 12:39:15] Installing org.eclipse.oomph.workingsets.edit [1.13.0.v20230204-0932]
[2025-02-25 12:39:15] Installing org.eclipse.oomph.workingsets.editor [1.17.0.v20250218-0822]
[2025-02-25 12:39:15] Installing org.eclipse.orbit.xml-apis-ext [1.0.0.v20240917-0534]
[2025-02-25 12:39:15] Installing org.eclipse.osgi [3.22.0.v20241030-2121]
[2025-02-25 12:39:15] Installing org.eclipse.osgi.compatibility.state [1.2.1000.v20240213-1057]
[2025-02-25 12:39:15] Installing org.eclipse.osgi.util [3.7.300.v20231104-1118]
[2025-02-25 12:39:15] Installing org.eclipse.platform [4.34.0.v20241120-1800]
[2025-02-25 12:39:15] Installing org.eclipse.platform.doc.user [4.34.0.v20241119-0550]
[2025-02-25 12:39:15] Installing org.eclipse.platform.feature.group [4.34.0.v20241120-1800]
[2025-02-25 12:39:15] Installing org.eclipse.platform.feature.jar [4.34.0.v20241120-1800]
[2025-02-25 12:39:15] Installing org.eclipse.platform_root [4.34.0.v20241120-1800]
[2025-02-25 12:39:15] Installing org.eclipse.rcp [4.34.0.v20241120-1800]
[2025-02-25 12:39:15] Installing org.eclipse.rcp.feature.group [4.34.0.v20241120-1800]
[2025-02-25 12:39:15] Installing org.eclipse.rcp.feature.jar [4.34.0.v20241120-1800]
[2025-02-25 12:39:15] Installing org.eclipse.rcp_root [4.34.0.v20241120-1800]
[2025-02-25 12:39:15] Installing org.eclipse.search [3.17.0.v20241015-1729]
[2025-02-25 12:39:15] Installing org.eclipse.search.core [3.16.400.v20241111-2025]
[2025-02-25 12:39:15] Installing org.eclipse.swt [3.128.0.v20241113-2009]
[2025-02-25 12:39:15] Installing org.eclipse.swt.cocoa.macosx.x86_64 [3.128.0.v20241113-2009]
[2025-02-25 12:39:15] Installing org.eclipse.team.core [3.10.500.v20240621-0541]
[2025-02-25 12:39:15] Installing org.eclipse.team.genericeditor.diff.extension [1.2.400.v20240413-1529]
[2025-02-25 12:39:15] Installing org.eclipse.team.ui [3.10.500.v20240702-1152]
[2025-02-25 12:39:15] Installing org.eclipse.text [3.14.200.v20240915-0736]
[2025-02-25 12:39:15] Installing org.eclipse.text.quicksearch [1.2.500.v20240917-0524]
[2025-02-25 12:39:15] Installing org.eclipse.tips.core [0.3.400.v20240413-1529]
[2025-02-25 12:39:15] Installing org.eclipse.tips.feature.feature.group [0.4.500.v20241014-2054]
[2025-02-25 12:39:15] Installing org.eclipse.tips.feature.feature.jar [0.4.500.v20241014-2054]
[2025-02-25 12:39:15] Installing org.eclipse.tips.ide [0.3.500.v20241014-2054]
[2025-02-25 12:39:15] Installing org.eclipse.tips.json [0.3.400.v20240525-0701]
[2025-02-25 12:39:15] Installing org.eclipse.tips.ui [0.3.400.v20240413-1529]
[2025-02-25 12:39:15] Installing org.eclipse.tm.terminal.connector.local [4.8.100.202402230238]
[2025-02-25 12:39:15] Installing org.eclipse.tm.terminal.connector.local.feature.feature.group [11.6.1.202406241230]
[2025-02-25 12:39:15] Installing org.eclipse.tm.terminal.connector.local.feature.feature.jar [11.6.1.202406241230]
[2025-02-25 12:39:15] Installing org.eclipse.tm.terminal.connector.process [4.9.100.202402230238]
[2025-02-25 12:39:15] Installing org.eclipse.tm.terminal.connector.ssh [4.8.300.202403071917]
[2025-02-25 12:39:15] Installing org.eclipse.tm.terminal.connector.ssh.feature.feature.group [11.6.1.202406241230]
[2025-02-25 12:39:15] Installing org.eclipse.tm.terminal.connector.ssh.feature.feature.jar [11.6.1.202406241230]
[2025-02-25 12:39:15] Installing org.eclipse.tm.terminal.connector.telnet [4.8.100.202312281935]
[2025-02-25 12:39:15] Installing org.eclipse.tm.terminal.connector.telnet.feature.feature.group [11.6.1.202406241230]
[2025-02-25 12:39:15] Installing org.eclipse.tm.terminal.connector.telnet.feature.feature.jar [11.6.1.202406241230]
[2025-02-25 12:39:15] Installing org.eclipse.tm.terminal.control [5.5.301.202407022003]
[2025-02-25 12:39:15] Installing org.eclipse.tm.terminal.control.feature.feature.group [11.6.1.202407022003]
[2025-02-25 12:39:15] Installing org.eclipse.tm.terminal.control.feature.feature.jar [11.6.1.202407022003]
[2025-02-25 12:39:15] Installing org.eclipse.tm.terminal.feature.feature.group [11.6.1.202406241230]
[2025-02-25 12:39:15] Installing org.eclipse.tm.terminal.feature.feature.jar [11.6.1.202406241230]
[2025-02-25 12:39:15] Installing org.eclipse.tm.terminal.view.core [4.10.300.202403071917]
[2025-02-25 12:39:15] Installing org.eclipse.tm.terminal.view.feature.feature.group [11.6.1.202406241230]
[2025-02-25 12:39:15] Installing org.eclipse.tm.terminal.view.feature.feature.jar [11.6.1.202406241230]
[2025-02-25 12:39:15] Installing org.eclipse.tm.terminal.view.ui [4.11.500.202403071917]
[2025-02-25 12:39:15] Installing org.eclipse.tm4e.core [0.14.0.202410282056]
[2025-02-25 12:39:15] Installing org.eclipse.tm4e.feature.feature.group [0.14.0.202410282056]
[2025-02-25 12:39:15] Installing org.eclipse.tm4e.feature.feature.jar [0.14.0.202410282056]
[2025-02-25 12:39:15] Installing org.eclipse.tm4e.language_pack [0.14.0.202410282056]
[2025-02-25 12:39:15] Installing org.eclipse.tm4e.language_pack.feature.feature.group [0.14.0.202410282056]
[2025-02-25 12:39:15] Installing org.eclipse.tm4e.language_pack.feature.feature.jar [0.14.0.202410282056]
[2025-02-25 12:39:15] Installing org.eclipse.tm4e.languageconfiguration [0.14.0.202410282056]
[2025-02-25 12:39:15] Installing org.eclipse.tm4e.markdown [0.14.0.202410282056]
[2025-02-25 12:39:15] Installing org.eclipse.tm4e.registry [0.14.0.202410282056]
[2025-02-25 12:39:15] Installing org.eclipse.tm4e.ui [0.14.0.202410282056]
[2025-02-25 12:39:15] Installing org.eclipse.ui [3.207.0.v20241030-1436]
[2025-02-25 12:39:15] Installing org.eclipse.ui.browser [3.8.400.v20240915-0736]
[2025-02-25 12:39:15] Installing org.eclipse.ui.cheatsheets [3.8.500.v20240621-0541]
[2025-02-25 12:39:15] Installing org.eclipse.ui.cocoa [1.3.200.v20240309-0857]
[2025-02-25 12:39:15] Installing org.eclipse.ui.console [3.14.200.v20240918-1457]
[2025-02-25 12:39:15] Installing org.eclipse.ui.editors [3.19.0.v20241106-0945]
[2025-02-25 12:39:15] Installing org.eclipse.ui.externaltools [3.6.400.v20240416-0654]
[2025-02-25 12:39:15] Installing org.eclipse.ui.forms [3.13.400.v20240905-1138]
[2025-02-25 12:39:15] Installing org.eclipse.ui.genericeditor [1.3.500.v20240917-1118]
[2025-02-25 12:39:15] Installing org.eclipse.ui.ide [3.22.400.v20241031-2136]
[2025-02-25 12:39:15] Installing org.eclipse.ui.ide.application [1.5.600.v20241021-1257]
[2025-02-25 12:39:15] Installing org.eclipse.ui.intro [3.7.400.v20240414-0828]
[2025-02-25 12:39:15] Installing org.eclipse.ui.intro.quicklinks [1.2.400.v20240414-1916]
[2025-02-25 12:39:15] Installing org.eclipse.ui.intro.universal [3.5.400.v20240414-1916]
[2025-02-25 12:39:15] Installing org.eclipse.ui.monitoring [1.3.400.v20240905-1240]
[2025-02-25 12:39:15] Installing org.eclipse.ui.navigator [3.12.600.v20240918-1819]
[2025-02-25 12:39:15] Installing org.eclipse.ui.navigator.resources [3.9.500.v20241009-1437]
[2025-02-25 12:39:15] Installing org.eclipse.ui.net [1.5.400.v20240413-1529]
[2025-02-25 12:39:15] Installing org.eclipse.ui.themes [1.2.2600.v20241028-0713]
[2025-02-25 12:39:15] Installing org.eclipse.ui.views [3.12.500.v20240915-0736]
[2025-02-25 12:39:15] Installing org.eclipse.ui.views.log [1.4.600.v20240905-1240]
[2025-02-25 12:39:15] Installing org.eclipse.ui.views.properties.tabbed [3.10.400.v20240915-2200]
[2025-02-25 12:39:15] Installing org.eclipse.ui.workbench [3.134.0.v20241107-2150]
[2025-02-25 12:39:15] Installing org.eclipse.ui.workbench.texteditor [3.19.0.v20241112-1917]
[2025-02-25 12:39:15] Installing org.eclipse.update.configurator [3.5.500.v20241001-1711]
[2025-02-25 12:39:15] Installing org.eclipse.urischeme [1.3.500.v20240913-1323]
[2025-02-25 12:39:15] Installing org.eclipse.userstorage [1.2.0.v20210517-0327]
[2025-02-25 12:39:15] Installing org.eclipse.userstorage.feature.group [1.2.0.v20210517-0327]
[2025-02-25 12:39:15] Installing org.eclipse.userstorage.feature.jar [1.2.0.v20210517-0327]
[2025-02-25 12:39:15] Installing org.eclipse.userstorage.oauth [1.1.0.v20190307-0457]
[2025-02-25 12:39:15] Installing org.eclipse.userstorage.ui [1.1.0.v20190307-0457]
[2025-02-25 12:39:15] Installing org.eclipse.wildwebdeveloper.xml [1.3.6.202409052135]
[2025-02-25 12:39:15] Installing org.eclipse.wildwebdeveloper.xml.feature.feature.group [1.3.6.202409052135]
[2025-02-25 12:39:15] Installing org.eclipse.wildwebdeveloper.xml.feature.feature.jar [1.3.6.202409052135]
[2025-02-25 12:39:15] Installing org.eclipse.wst.common.core [1.4.100.v202103232321]
[2025-02-25 12:39:15] Installing org.eclipse.wst.common.emf [1.2.700.v202007161535]
[2025-02-25 12:39:15] Installing org.eclipse.wst.common.environment [1.1.0.v202308161955]
[2025-02-25 12:39:15] Installing org.eclipse.wst.common.frameworks [1.3.0.v202308161955]
[2025-02-25 12:39:15] Installing org.eclipse.wst.common.uriresolver [1.4.0.v202308161955]
[2025-02-25 12:39:15] Installing org.eclipse.wst.sse.core [1.2.1400.v202405130132]
[2025-02-25 12:39:15] Installing org.eclipse.wst.xml.core [1.2.900.v202405130132]
[2025-02-25 12:39:15] Installing org.glassfish.hk2.osgi-resource-locator [1.0.3]
[2025-02-25 12:39:15] Installing org.gradle.toolingapi [8.9.0.v20240802-1314]
[2025-02-25 12:39:15] Installing org.hamcrest [3.0.0]
[2025-02-25 12:39:15] Installing org.jacoco.agent [0.8.12.202403310830]
[2025-02-25 12:39:15] Installing org.jacoco.core [0.8.12.202403310830]
[2025-02-25 12:39:15] Installing org.jacoco.report [0.8.12.202403310830]
[2025-02-25 12:39:15] Installing org.jcodings [1.0.58.v20230703-0749]
[2025-02-25 12:39:15] Installing org.jdom [1.1.3.v20230812-1600]
[2025-02-25 12:39:15] Installing org.jdom2 [2.0.6.v20230720-0727]
[2025-02-25 12:39:15] Installing org.joni [2.2.1.v20230703-0749]
[2025-02-25 12:39:15] Installing org.jsoup [1.18.1]
[2025-02-25 12:39:15] Installing org.junit [4.13.2.v20240929-1000]
[2025-02-25 12:39:15] Installing org.mortbay.jasper.apache-el [9.0.96]
[2025-02-25 12:39:15] Installing org.mortbay.jasper.apache-jsp [9.0.96]
[2025-02-25 12:39:15] Installing org.objectweb.asm [9.7.1]
[2025-02-25 12:39:15] Installing org.objectweb.asm.commons [9.7.1]
[2025-02-25 12:39:15] Installing org.objectweb.asm.tree [9.7.1]
[2025-02-25 12:39:15] Installing org.objectweb.asm.tree.analysis [9.7.1]
[2025-02-25 12:39:15] Installing org.objectweb.asm.util [9.7.1]
[2025-02-25 12:39:15] Installing org.opentest4j [1.3.0]
[2025-02-25 12:39:15] Installing org.osgi.service.cm [1.6.1.202109301733]
[2025-02-25 12:39:15] Installing org.osgi.service.component [1.5.1.202212101352]
[2025-02-25 12:39:15] Installing org.osgi.service.device [1.1.1.202109301733]
[2025-02-25 12:39:15] Installing org.osgi.service.event [1.4.1.202109301733]
[2025-02-25 12:39:15] Installing org.osgi.service.http.whiteboard [1.1.1.202109301733]
[2025-02-25 12:39:15] Installing org.osgi.service.metatype [1.4.1.202109301733]
[2025-02-25 12:39:15] Installing org.osgi.service.prefs [1.1.2.202109301733]
[2025-02-25 12:39:15] Installing org.osgi.service.provisioning [1.2.0.201505202024]
[2025-02-25 12:39:15] Installing org.osgi.service.upnp [1.2.1.202109301733]
[2025-02-25 12:39:15] Installing org.osgi.service.useradmin [1.1.1.202109301733]
[2025-02-25 12:39:15] Installing org.osgi.service.wireadmin [1.0.2.202109301733]
[2025-02-25 12:39:15] Installing org.osgi.util.function [1.2.0.202109301733]
[2025-02-25 12:39:15] Installing org.osgi.util.measurement [1.0.2.201802012109]
[2025-02-25 12:39:15] Installing org.osgi.util.position [1.0.1.201505202026]
[2025-02-25 12:39:15] Installing org.osgi.util.promise [1.3.0.202212101352]
[2025-02-25 12:39:15] Installing org.osgi.util.xml [1.0.2.202109301733]
[2025-02-25 12:39:15] Installing org.sat4j.core [2.3.6.v20201214]
[2025-02-25 12:39:15] Installing org.sat4j.pb [2.3.6.v20201214]
[2025-02-25 12:39:15] Installing org.snakeyaml.engine [2.8.0]
[2025-02-25 12:39:15] Installing org.tukaani.xz [1.10.0]
[2025-02-25 12:39:15] Installing slf4j.api [2.0.16]
[2025-02-25 12:39:15] Installing tooling.org.eclipse.update.feature.default [1.0.0]
[2025-02-25 12:39:15] Installing tooling.osgi.bundle.default [1.0.0]
[2025-02-25 12:39:15] Installing tooling.source.default [1.0.0]
[2025-02-25 12:39:15] Installing toolingcocoa.macosx.x86_64org.apache.aries.spifly.dynamic.bundle [4.34.0.20241128-0756]
[2025-02-25 12:39:15] Installing toolingcocoa.macosx.x86_64org.apache.felix.scr [4.34.0.20241128-0756]
[2025-02-25 12:39:15] Installing toolingcocoa.macosx.x86_64org.eclipse.core.runtime [4.34.0.20241128-0756]
[2025-02-25 12:39:15] Installing toolingcocoa.macosx.x86_64org.eclipse.equinox.common [4.34.0.20241128-0756]
[2025-02-25 12:39:15] Installing toolingcocoa.macosx.x86_64org.eclipse.equinox.event [4.34.0.20241128-0756]
[2025-02-25 12:39:15] Installing toolingcocoa.macosx.x86_64org.eclipse.equinox.p2.reconciler.dropins [4.34.0.20241128-0756]
[2025-02-25 12:39:15] Installing toolingcocoa.macosx.x86_64org.eclipse.equinox.simpleconfigurator [4.34.0.20241128-0756]
[2025-02-25 12:39:15] Installing toolingepp.package.java.application [4.34.0.20241128-0756]
[2025-02-25 12:39:15] Installing toolingepp.package.java.config.cocoa.macosx.x86_64 [4.34.0.20241128-0756]
[2025-02-25 12:39:15] Installing toolingepp.package.java.configuration [4.34.0.20241128-0756]
[2025-02-25 12:39:15] Installing toolingepp.package.java.executable.cocoa.macosx.x86_64 [4.34.0.20241128-0756]
[2025-02-25 12:39:15] Installing toolingepp.package.java.ini.cocoa.macosx.x86_64 [4.34.0.20241128-0756]
[2025-02-25 12:39:15] Installing toolingorg.eclipse.equinox.launcher [1.6.900.v20240613-2009]
[2025-02-25 12:39:15] Installing toolingorg.eclipse.equinox.launcher.cocoa.macosx.x86_64 [1.2.1100.v20240722-2106]
[2025-02-25 12:39:15] Preparing to commit the provisioning operation.
[2025-02-25 12:39:15] Committing the provisioning operation.
[2025-02-25 12:39:17] Performing Eclipse Ini --launcher.appendVmargs
[2025-02-25 12:39:17] Performing Eclipse Ini -Declipse.p2.max.threads=10
[2025-02-25 12:39:17] Changing /Users/janglombiowski/Uczelnia/4Sem/GlombiowskiJanMP2025/Eclipse.app/Contents/Eclipse/eclipse.ini (-Declipse.p2.max.threads=10)
[2025-02-25 12:39:17] Performing Eclipse Ini -Doomph.update.url=https://download.eclipse.org/oomph/updates/milestone/latest
[2025-02-25 12:39:17] Changing /Users/janglombiowski/Uczelnia/4Sem/GlombiowskiJanMP2025/Eclipse.app/Contents/Eclipse/eclipse.ini (-Doomph.update.url=https://download.eclipse.org/oomph/updates/milestone/latest)
[2025-02-25 12:39:17] Performing Eclipse Ini -Doomph.redirection.index.redirection=index:/->https://raw.githubusercontent.com/eclipse-oomph/oomph/master/setups/
[2025-02-25 12:39:17] Changing /Users/janglombiowski/Uczelnia/4Sem/GlombiowskiJanMP2025/Eclipse.app/Contents/Eclipse/eclipse.ini (-Doomph.redirection.index.redirection=index:/->https://raw.githubusercontent.com/eclipse-oomph/oomph/master/setups/)
[2025-02-25 12:39:17] Performing Eclipse Ini --add-opens=java.base/java.lang=ALL-UNNAMED
[2025-02-25 12:39:17] Changing /Users/janglombiowski/Uczelnia/4Sem/GlombiowskiJanMP2025/Eclipse.app/Contents/Eclipse/eclipse.ini (--add-opens=java.base/java.lang=ALL-UNNAMED)
[2025-02-25 12:39:17] Performing Eclipse Ini -Djava.security.manager=allow
[2025-02-25 12:39:17] Performing post bootstrap tasks
[2025-02-25 12:39:17] Changing /Users/janglombiowski/Uczelnia/4Sem/GlombiowskiJanMP2025/Eclipse.app/Contents/Eclipse/configuration/config.ini (osgi.configuration.cascaded=false)
[2025-02-25 12:39:17] 
